<?xml version="1.0" encoding="UTF-8"?>
<!-- Generated by org.testng.reporters.JUnitReportReporter -->
<testsuite hostname="LAPTOP-SHP7MOG5" failures="0" tests="1" name="Tester" time="0.007" errors="0" timestamp="09 Jul 2022 16:36:05 GMT" skipped="0">
  <testcase classname="Tester" name="TestCase" time="0.007"/>
</testsuite> <!-- Tester -->
