<?xml version="1.0" encoding="UTF-8"?>
<!-- Generated by org.testng.reporters.JUnitReportReporter -->
<testsuite hostname="LAPTOP-SHP7MOG5" failures="0" tests="2" name="Selenium_Day18_TestNG_DependsOn.GroupDependsOn" time="0.010" errors="0" timestamp="7 Apr 2022 07:36:57 GMT">
  <testcase classname="Selenium_Day18_TestNG_DependsOn.GroupDependsOn" name="LogIn" time="0.008"/>
  <testcase classname="Selenium_Day18_TestNG_DependsOn.GroupDependsOn" name="ViewAcc" time="0.002"/>
</testsuite> <!-- Selenium_Day18_TestNG_DependsOn.GroupDependsOn -->
