<?xml version="1.0" encoding="UTF-8"?>
<!-- Generated by org.testng.reporters.JUnitReportReporter -->
<testsuite hostname="LAPTOP-SHP7MOG5" failures="0" tests="1" name="Selenium_Day23_WaitsInSelenium.ExplicitlyWait" time="57.800" errors="0" timestamp="31 Mar 2022 05:37:39 GMT">
  <testcase classname="Selenium_Day23_WaitsInSelenium.ExplicitlyWait" name="explicitlytestdemo" time="57.800"/>
</testsuite> <!-- Selenium_Day23_WaitsInSelenium.ExplicitlyWait -->
