<?xml version="1.0" encoding="UTF-8"?>
<!-- Generated by org.testng.reporters.JUnitReportReporter -->
<testsuite hostname="LAPTOP-SHP7MOG5" failures="0" tests="1" name="Selenium_Day14_TestNG_Annotation.Annotation_TestClass" time="0.006" errors="0" timestamp="15 Nov 2022 08:29:01 GMT">
  <testcase classname="Selenium_Day14_TestNG_Annotation.Annotation_TestClass" name="testMethod1" time="0.006"/>
</testsuite> <!-- Selenium_Day14_TestNG_Annotation.Annotation_TestClass -->
