<?xml version="1.0" encoding="UTF-8"?>
<!-- Generated by org.testng.reporters.JUnitReportReporter -->
<testsuite hostname="LAPTOP-SHP7MOG5" failures="0" tests="1" name="Selenium_Day26_PageFactory.AddUserTest" time="1.391" errors="0" timestamp="7 Apr 2022 11:37:53 GMT">
  <testcase classname="Selenium_Day26_PageFactory.AddUserTest" name="AddUsertest" time="1.391"/>
</testsuite> <!-- Selenium_Day26_PageFactory.AddUserTest -->
