<?xml version="1.0" encoding="UTF-8"?>
<!-- Generated by org.testng.reporters.JUnitReportReporter -->
<testsuite hostname="LAPTOP-SHP7MOG5" failures="0" tests="1" name="Selenium_Day25_POM.LoginTest" time="2.260" errors="0" timestamp="16 Sep 2022 03:44:52 GMT">
  <testcase classname="Selenium_Day25_POM.LoginTest" name="loginTest" time="2.260"/>
</testsuite> <!-- Selenium_Day25_POM.LoginTest -->
