<?xml version="1.0" encoding="UTF-8"?>
<!-- Generated by org.testng.reporters.JUnitReportReporter -->
<testsuite hostname="LAPTOP-SHP7MOG5" failures="0" tests="6" name="Selenium_Day18_TestNG_DependsOn.DependsOn" time="0.026" errors="0" timestamp="27 Mar 2022 06:37:23 GMT">
  <testcase classname="Selenium_Day18_TestNG_DependsOn.DependsOn" name="checkout" time="0.003"/>
  <testcase classname="Selenium_Day18_TestNG_DependsOn.DependsOn" name="signin" time="0.015"/>
  <testcase classname="Selenium_Day18_TestNG_DependsOn.DependsOn" name="login" time="0.002"/>
  <testcase classname="Selenium_Day18_TestNG_DependsOn.DependsOn" name="searchorder" time="0.002"/>
  <testcase classname="Selenium_Day18_TestNG_DependsOn.DependsOn" name="addtocart" time="0.002"/>
  <testcase classname="Selenium_Day18_TestNG_DependsOn.DependsOn" name="payment" time="0.002"/>
</testsuite> <!-- Selenium_Day18_TestNG_DependsOn.DependsOn -->
