<?xml version="1.0" encoding="UTF-8"?>
<!-- Generated by org.testng.reporters.JUnitReportReporter -->
<testsuite hostname="LAPTOP-SHP7MOG5" failures="0" tests="4" name="Selenium_Day1_Intro.PracticeDemo" time="0.030" errors="0" timestamp="21 Sep 2022 03:48:41 GMT">
  <testcase classname="Selenium_Day1_Intro.PracticeDemo" name="login" time="0.001"/>
  <testcase classname="Selenium_Day1_Intro.PracticeDemo" name="signIn" time="0.024"/>
  <testcase classname="Selenium_Day1_Intro.PracticeDemo" name="addToCard" time="0.003"/>
  <testcase classname="Selenium_Day1_Intro.PracticeDemo" name="searcholder" time="0.002"/>
</testsuite> <!-- Selenium_Day1_Intro.PracticeDemo -->
