<?xml version="1.0" encoding="UTF-8"?>
<!-- Generated by org.testng.reporters.JUnitReportReporter -->
<testsuite hostname="LAPTOP-SHP7MOG5" failures="0" tests="1" name="Selenium_Day26_PageFactory.LoginTest" time="2.355" errors="0" timestamp="7 Apr 2022 11:37:53 GMT">
  <testcase classname="Selenium_Day26_PageFactory.LoginTest" name="logintest" time="2.355"/>
</testsuite> <!-- Selenium_Day26_PageFactory.LoginTest -->
