<?xml version="1.0" encoding="UTF-8"?>
<!-- Generated by org.testng.reporters.JUnitReportReporter -->
<testsuite hostname="LAPTOP-SHP7MOG5" failures="0" tests="1" name="Selenium_Day28_POM2.Log4j.TestClass" time="5.062" errors="0" timestamp="8 Apr 2022 05:26:30 GMT">
  <testcase classname="Selenium_Day28_POM2.Log4j.TestClass" name="LoginTest" time="5.062"/>
</testsuite> <!-- Selenium_Day28_POM2.Log4j.TestClass -->
