<?xml version="1.0" encoding="UTF-8"?>
<!-- Generated by org.testng.reporters.JUnitReportReporter -->
<testsuite hostname="LAPTOP-SHP7MOG5" failures="0" tests="5" name="TestNG_InvocationCount.InvocationCountExample" time="10.166" errors="0" timestamp="25 Mar 2022 04:17:32 GMT">
  <testcase classname="TestNG_InvocationCount.InvocationCountExample" name="testmethod1" time="2.029"/>
  <testcase classname="TestNG_InvocationCount.InvocationCountExample" name="testmethod1" time="2.030"/>
  <testcase classname="TestNG_InvocationCount.InvocationCountExample" name="testmethod1" time="2.030"/>
  <testcase classname="TestNG_InvocationCount.InvocationCountExample" name="testmethod1" time="2.048"/>
  <testcase classname="TestNG_InvocationCount.InvocationCountExample" name="testmethod1" time="2.029"/>
</testsuite> <!-- TestNG_InvocationCount.InvocationCountExample -->
