<?xml version="1.0" encoding="UTF-8"?>
<!-- Generated by org.testng.reporters.JUnitReportReporter -->
<testsuite hostname="LAPTOP-SHP7MOG5" failures="0" tests="1" name="Selenium_Day20_TestNG_Parallel.TestCase2" time="1.531" errors="0" timestamp="27 Mar 2022 12:09:16 GMT">
  <testcase classname="Selenium_Day20_TestNG_Parallel.TestCase2" name="login2" time="1.531"/>
</testsuite> <!-- Selenium_Day20_TestNG_Parallel.TestCase2 -->
