<?xml version="1.0" encoding="UTF-8"?>
<!-- Generated by org.testng.reporters.JUnitReportReporter -->
<testsuite hostname="LAPTOP-SHP7MOG5" failures="0" tests="4" name="Seleniun_Day20_TestNG_DataProvider.DataProviderDemo" time="13.813" errors="0" timestamp="31 Mar 2022 08:28:51 GMT">
  <testcase classname="Seleniun_Day20_TestNG_DataProvider.DataProviderDemo" name="login" time="3.856"/>
  <testcase classname="Seleniun_Day20_TestNG_DataProvider.DataProviderDemo" name="login" time="3.279"/>
  <testcase classname="Seleniun_Day20_TestNG_DataProvider.DataProviderDemo" name="login" time="3.379"/>
  <testcase classname="Seleniun_Day20_TestNG_DataProvider.DataProviderDemo" name="login" time="3.299"/>
</testsuite> <!-- Seleniun_Day20_TestNG_DataProvider.DataProviderDemo -->
