<?xml version="1.0" encoding="UTF-8"?>
<!-- Generated by org.testng.reporters.JUnitReportReporter -->
<testsuite hostname="LAPTOP-SHP7MOG5" failures="0" tests="1" name="Selenium_Day20_TestNG_Parallel.TestCase1" time="2.452" errors="0" timestamp="27 Mar 2022 12:09:16 GMT">
  <testcase classname="Selenium_Day20_TestNG_Parallel.TestCase1" name="login" time="2.452"/>
</testsuite> <!-- Selenium_Day20_TestNG_Parallel.TestCase1 -->
