<?xml version="1.0" encoding="UTF-8"?>
<!-- Generated by org.testng.reporters.JUnitReportReporter -->
<testsuite hostname="LAPTOP-SHP7MOG5" failures="0" tests="6" name="TestNG_DependsOn.DependsOn" time="0.019" errors="0" timestamp="24 Mar 2022 14:24:52 GMT">
  <testcase classname="TestNG_DependsOn.DependsOn" name="payment" time="0.006"/>
  <testcase classname="TestNG_DependsOn.DependsOn" name="signup" time="0.007"/>
  <testcase classname="TestNG_DependsOn.DependsOn" name="searchorder" time="0.001"/>
  <testcase classname="TestNG_DependsOn.DependsOn" name="addtocart" time="0.002"/>
  <testcase classname="TestNG_DependsOn.DependsOn" name="login" time="0.001"/>
  <testcase classname="TestNG_DependsOn.DependsOn" name="checkout" time="0.002"/>
</testsuite> <!-- TestNG_DependsOn.DependsOn -->
