<?xml version="1.0" encoding="UTF-8"?>
<!-- Generated by org.testng.reporters.JUnitReportReporter -->
<testsuite hostname="LAPTOP-SHP7MOG5" failures="0" tests="2" name="TestNG_XML.ClassOne" time="0.027" errors="0" timestamp="22 Mar 2022 13:04:39 GMT">
  <testcase classname="TestNG_XML.ClassOne" name="testmethod1_1" time="0.014"/>
  <testcase classname="TestNG_XML.ClassOne" name="testmethod1" time="0.013"/>
</testsuite> <!-- TestNG_XML.ClassOne -->
