<?xml version="1.0" encoding="UTF-8"?>
<!-- Generated by org.testng.reporters.JUnitReportReporter -->
<testsuite hostname="LAPTOP-SHP7MOG5" failures="0" tests="1" name="TestNG_Demo.Annotation_TestClass" time="0.007" errors="0" timestamp="22 Mar 2022 12:34:19 GMT">
  <testcase classname="TestNG_Demo.Annotation_TestClass" name="testMethod1" time="0.007"/>
</testsuite> <!-- TestNG_Demo.Annotation_TestClass -->
