<?xml version="1.0" encoding="UTF-8"?>
<!-- Generated by org.testng.reporters.JUnitReportReporter -->
<testsuite hostname="LAPTOP-SHP7MOG5" failures="0" tests="1" name="TestNG_practice.ClassOne" time="4.576" errors="0" timestamp="31 Mar 2022 12:05:52 GMT">
  <testcase classname="TestNG_practice.ClassOne" name="softassert" time="4.576"/>
</testsuite> <!-- TestNG_practice.ClassOne -->
