<?xml version="1.0" encoding="UTF-8"?>
<!-- Generated by org.testng.reporters.JUnitReportReporter -->
<testsuite hostname="LAPTOP-SHP7MOG5" failures="0" tests="4" name="seleniun_Day20_DataProvider.DataProviderDemo" time="15.113" errors="0" timestamp="26 Mar 2022 10:17:14 GMT">
  <testcase classname="seleniun_Day20_DataProvider.DataProviderDemo" name="login" time="3.701"/>
  <testcase classname="seleniun_Day20_DataProvider.DataProviderDemo" name="login" time="3.587"/>
  <testcase classname="seleniun_Day20_DataProvider.DataProviderDemo" name="login" time="4.265"/>
  <testcase classname="seleniun_Day20_DataProvider.DataProviderDemo" name="login" time="3.560"/>
</testsuite> <!-- seleniun_Day20_DataProvider.DataProviderDemo -->
