<?xml version="1.0" encoding="UTF-8"?>
<!-- Generated by org.testng.reporters.JUnitReportReporter -->
<testsuite hostname="LAPTOP-SHP7MOG5" failures="0" tests="3" name="TestNG_Group.ClassOne" time="0.013" errors="0" timestamp="22 Mar 2022 05:38:33 GMT">
  <testcase classname="TestNG_Group.ClassOne" name="testmethod2" time="0.002"/>
  <testcase classname="TestNG_Group.ClassOne" name="testmethod1" time="0.010"/>
  <testcase classname="TestNG_Group.ClassOne" name="testmethod3" time="0.001"/>
</testsuite> <!-- TestNG_Group.ClassOne -->
