<?xml version="1.0" encoding="UTF-8"?>
<!-- Generated by org.testng.reporters.JUnitReportReporter -->
<testsuite hostname="LAPTOP-SHP7MOG5" failures="0" tests="1" name="TestNG_Group.ClassTwo" time="0.002" errors="0" timestamp="22 Mar 2022 05:38:33 GMT">
  <testcase classname="TestNG_Group.ClassTwo" name="testmethod1" time="0.002"/>
</testsuite> <!-- TestNG_Group.ClassTwo -->
