<?xml version="1.0" encoding="UTF-8"?>
<!-- Generated by org.testng.reporters.JUnitReportReporter -->
<testsuite hostname="LAPTOP-SHP7MOG5" failures="0" tests="1" name="Selenium_Day1_Intro.PracticeClass" time="14.998" errors="0" timestamp="16 Jun 2022 11:36:08 GMT">
  <testcase classname="Selenium_Day1_Intro.PracticeClass" name="clickOnAdd" time="14.998"/>
</testsuite> <!-- Selenium_Day1_Intro.PracticeClass -->
