<?xml version="1.0" encoding="UTF-8"?>
<!-- Generated by org.testng.reporters.JUnitReportReporter -->
<testsuite hostname="LAPTOP-SHP7MOG5" failures="0" tests="3" name="Selenium_Day15TestNG_InvocationCount.InvocationCountExample" time="6.058" errors="0" timestamp="15 Nov 2022 08:47:37 GMT">
  <testcase classname="Selenium_Day15TestNG_InvocationCount.InvocationCountExample" name="testmethod1" time="2.019"/>
  <testcase classname="Selenium_Day15TestNG_InvocationCount.InvocationCountExample" name="testmethod1" time="2.020"/>
  <testcase classname="Selenium_Day15TestNG_InvocationCount.InvocationCountExample" name="testmethod1" time="2.019"/>
</testsuite> <!-- Selenium_Day15TestNG_InvocationCount.InvocationCountExample -->
