<?xml version="1.0" encoding="UTF-8"?>
<!-- Generated by org.testng.reporters.JUnitReportReporter -->
<testsuite hostname="LAPTOP-SHP7MOG5" failures="0" tests="3" name="TestNG_Demo.TestNGPriorityDemo" time="0.014" errors="0" timestamp="19 Mar 2022 05:36:49 GMT">
  <testcase classname="TestNG_Demo.TestNGPriorityDemo" name="testmethod2" time="0.001"/>
  <testcase classname="TestNG_Demo.TestNGPriorityDemo" name="atestmethod1" time="0.002"/>
  <testcase classname="TestNG_Demo.TestNGPriorityDemo" name="testmethod3" time="0.011"/>
</testsuite> <!-- TestNG_Demo.TestNGPriorityDemo -->
