<?xml version="1.0" encoding="UTF-8"?>
<!-- Generated by org.testng.reporters.JUnitReportReporter -->
<testsuite hostname="LAPTOP-SHP7MOG5" failures="0" tests="3" name="TestNg_EnabledDemo.EnbledDemoClass" time="0.015" errors="0" timestamp="22 Mar 2022 12:37:08 GMT">
  <testcase classname="TestNg_EnabledDemo.EnbledDemoClass" name="testMethod3" time="0.002"/>
  <testcase classname="TestNg_EnabledDemo.EnbledDemoClass" name="testMethod2" time="0.009"/>
  <testcase classname="TestNg_EnabledDemo.EnbledDemoClass" name="testMethod4" time="0.004"/>
</testsuite> <!-- TestNg_EnabledDemo.EnbledDemoClass -->
