<?xml version="1.0" encoding="UTF-8"?>
<!-- Generated by org.testng.reporters.JUnitReportReporter -->
<testsuite hostname="LAPTOP-SHP7MOG5" failures="0" tests="1" name="Selenium_Day16_TestNG_Grouping.ClassTwo" time="0.002" errors="0" timestamp="7 Apr 2022 06:51:46 GMT">
  <testcase classname="Selenium_Day16_TestNG_Grouping.ClassTwo" name="TC4" time="0.002"/>
</testsuite> <!-- Selenium_Day16_TestNG_Grouping.ClassTwo -->
