<?xml version="1.0" encoding="UTF-8"?>
<!-- Generated by org.testng.reporters.JUnitReportReporter -->
<testsuite hostname="LAPTOP-SHP7MOG5" failures="0" tests="1" name="Selenium_Day19_Parameterization.TestClass" time="2.487" errors="0" timestamp="26 Mar 2022 08:00:26 GMT">
  <testcase classname="Selenium_Day19_Parameterization.TestClass" name="login" time="2.487"/>
</testsuite> <!-- Selenium_Day19_Parameterization.TestClass -->
