<?xml version="1.0" encoding="UTF-8"?>
<!-- Generated by org.testng.reporters.JUnitReportReporter -->
<testsuite hostname="LAPTOP-SHP7MOG5" failures="0" tests="1" name="Selenium_Day22_PropertyFile.TestClass" time="6.802" errors="0" timestamp="29 Mar 2022 06:55:00 GMT">
  <testcase classname="Selenium_Day22_PropertyFile.TestClass" name="useradditiontest" time="6.802"/>
</testsuite> <!-- Selenium_Day22_PropertyFile.TestClass -->
