<?xml version="1.0" encoding="UTF-8"?>
<!-- Generated by org.testng.reporters.JUnitReportReporter -->
<testsuite hostname="LAPTOP-SHP7MOG5" failures="0" tests="1" name="Selenium_Day21_Asseration.AsserationSoftDemo" time="2.989" errors="0" timestamp="29 Mar 2022 10:10:08 GMT">
  <testcase classname="Selenium_Day21_Asseration.AsserationSoftDemo" name="UserAdded" time="2.989"/>
</testsuite> <!-- Selenium_Day21_Asseration.AsserationSoftDemo -->
