<?xml version="1.0" encoding="UTF-8"?>
<!-- Generated by org.testng.reporters.JUnitReportReporter -->
<testsuite hostname="LAPTOP-SHP7MOG5" failures="0" tests="2" name="Selenium_Day16_TestNG_Grouping.ClassOne" time="0.012" errors="0" timestamp="7 Apr 2022 06:51:46 GMT">
  <testcase classname="Selenium_Day16_TestNG_Grouping.ClassOne" name="TC3" time="0.001"/>
  <testcase classname="Selenium_Day16_TestNG_Grouping.ClassOne" name="TC1" time="0.011"/>
</testsuite> <!-- Selenium_Day16_TestNG_Grouping.ClassOne -->
