<?xml version="1.0" encoding="UTF-8"?>
<!-- Generated by org.testng.reporters.JUnitReportReporter -->
<testsuite hostname="LAPTOP-SHP7MOG5" failures="0" tests="1" name="Selenium_Day25_POM.AddUserTest" time="1.161" errors="0" timestamp="16 Sep 2022 03:44:52 GMT">
  <testcase classname="Selenium_Day25_POM.AddUserTest" name="Adduser" time="1.161"/>
</testsuite> <!-- Selenium_Day25_POM.AddUserTest -->
