<?xml version="1.0" encoding="UTF-8"?>
<!-- Generated by org.testng.reporters.JUnitReportReporter -->
<testsuite hostname="LAPTOP-SHP7MOG5" failures="0" tests="1" name="TestNG_XML.ClassFour" time="0.009" errors="0" timestamp="22 Mar 2022 13:04:39 GMT">
  <testcase classname="TestNG_XML.ClassFour" name="testmethod1" time="0.009"/>
</testsuite> <!-- TestNG_XML.ClassFour -->
