<?xml version="1.0" encoding="UTF-8"?>
<!-- Generated by org.testng.reporters.JUnitReportReporter -->
<testsuite hostname="LAPTOP-SHP7MOG5" failures="0" tests="2" name="Selenium_Day16_TestNGGrouping.ClassOne" time="0.008" errors="0" timestamp="25 Mar 2022 05:11:00 GMT">
  <testcase classname="Selenium_Day16_TestNGGrouping.ClassOne" name="TC1" time="0.007"/>
  <testcase classname="Selenium_Day16_TestNGGrouping.ClassOne" name="TC3" time="0.001"/>
</testsuite> <!-- Selenium_Day16_TestNGGrouping.ClassOne -->
