<?xml version="1.0" encoding="UTF-8"?>
<!-- Generated by org.testng.reporters.JUnitReportReporter -->
<testsuite hostname="LAPTOP-SHP7MOG5" failures="0" tests="5" name="TestNG_practice.AdduserPage" time="0.020" errors="0" timestamp="20 Jun 2022 04:04:04 GMT">
  <testcase classname="TestNG_practice.AdduserPage" name="order" time="0.003"/>
  <testcase classname="TestNG_practice.AdduserPage" name="searchholder" time="0.001"/>
  <testcase classname="TestNG_practice.AdduserPage" name="checkout" time="0.012"/>
  <testcase classname="TestNG_practice.AdduserPage" name="addtocart" time="0.001"/>
  <testcase classname="TestNG_practice.AdduserPage" name="logintest" time="0.003"/>
</testsuite> <!-- TestNG_practice.AdduserPage -->
