<?xml version="1.0" encoding="UTF-8"?>
<!-- Generated by org.testng.reporters.JUnitReportReporter -->
<testsuite hostname="LAPTOP-SHP7MOG5" failures="0" tests="1" name="Selenium_Day24_FrameHandling.FrameHandlingDemo" time="24.899" errors="0" timestamp="16 Sep 2022 03:50:36 GMT">
  <testcase classname="Selenium_Day24_FrameHandling.FrameHandlingDemo" name="framedemo" time="24.899"/>
</testsuite> <!-- Selenium_Day24_FrameHandling.FrameHandlingDemo -->
