<?xml version="1.0" encoding="UTF-8"?>
<!-- Generated by org.testng.reporters.JUnitReportReporter -->
<testsuite hostname="LAPTOP-SHP7MOG5" failures="0" tests="1" name="Selenium_Day15_TestNG_XML.ClassThree" time="0.003" errors="0" timestamp="11 Oct 2022 06:34:52 GMT">
  <testcase classname="Selenium_Day15_TestNG_XML.ClassThree" name="testmethod3" time="0.003"/>
</testsuite> <!-- Selenium_Day15_TestNG_XML.ClassThree -->
