<?xml version="1.0" encoding="UTF-8"?>
<!-- Generated by org.testng.reporters.JUnitReportReporter -->
<testsuite hostname="LAPTOP-SHP7MOG5" failures="0" tests="1" name="Selenium_Day26_PageFactory.AddUser" time="1.619" errors="0" timestamp="3 Apr 2022 12:47:43 GMT">
  <testcase classname="Selenium_Day26_PageFactory.AddUser" name="AddUser" time="1.619"/>
</testsuite> <!-- Selenium_Day26_PageFactory.AddUser -->
