<?xml version="1.0" encoding="UTF-8"?>
<!-- Generated by org.testng.reporters.JUnitReportReporter -->
<testsuite hostname="LAPTOP-SHP7MOG5" failures="0" tests="1" name="Selenium_Day20_TestNG_CBParallelTesting.TestCase1" time="0.006" errors="0" timestamp="26 Mar 2022 14:34:59 GMT">
  <testcase classname="Selenium_Day20_TestNG_CBParallelTesting.TestCase1" name="testcase" time="0.006"/>
</testsuite> <!-- Selenium_Day20_TestNG_CBParallelTesting.TestCase1 -->
