<?xml version="1.0" encoding="UTF-8"?>
<!-- Generated by org.testng.reporters.JUnitReportReporter -->
<testsuite hostname="LAPTOP-SHP7MOG5" failures="0" tests="1" name="Selenium_Day19_TestNG_Parameterization.TestClass" time="4.140" errors="0" timestamp="15 Apr 2022 05:01:05 GMT">
  <testcase classname="Selenium_Day19_TestNG_Parameterization.TestClass" name="login" time="4.140"/>
</testsuite> <!-- Selenium_Day19_TestNG_Parameterization.TestClass -->
