<?xml version="1.0" encoding="UTF-8"?>
<!-- Generated by org.testng.reporters.JUnitReportReporter -->
<testsuite hostname="LAPTOP-SHP7MOG5" failures="0" tests="1" name="Selenium_Day16_TestNGGrouping.Three" time="0.006" errors="0" timestamp="25 Mar 2022 05:19:46 GMT">
  <testcase classname="Selenium_Day16_TestNGGrouping.Three" name="TC1" time="0.006"/>
</testsuite> <!-- Selenium_Day16_TestNGGrouping.Three -->
