<?xml version="1.0" encoding="UTF-8"?>
<!-- Generated by org.testng.reporters.JUnitReportReporter -->
<testsuite hostname="LAPTOP-SHP7MOG5" failures="0" tests="1" name="TestNG_practice.BaseClass" time="0.002" errors="0" timestamp="28 Mar 2022 13:19:29 GMT">
  <testcase classname="TestNG_practice.BaseClass" name="TC1" time="0.002"/>
</testsuite> <!-- TestNG_practice.BaseClass -->
