<?xml version="1.0" encoding="UTF-8"?>
<!-- Generated by org.testng.reporters.JUnitReportReporter -->
<testsuite hostname="LAPTOP-SHP7MOG5" failures="0" tests="1" name="Selenium_Day16_TestNGGrouping.ClassTwo" time="0.005" errors="0" timestamp="25 Mar 2022 05:11:00 GMT">
  <testcase classname="Selenium_Day16_TestNGGrouping.ClassTwo" name="TC4" time="0.005"/>
</testsuite> <!-- Selenium_Day16_TestNGGrouping.ClassTwo -->
