<?xml version="1.0" encoding="UTF-8"?>
<!-- Generated by org.testng.reporters.JUnitReportReporter -->
<testsuite hostname="LAPTOP-SHP7MOG5" failures="0" tests="1" name="TestNG_practice.LoginTest" time="3.549" errors="0" timestamp="16 Nov 2022 07:52:55 GMT">
  <testcase classname="TestNG_practice.LoginTest" name="login" time="3.549"/>
</testsuite> <!-- TestNG_practice.LoginTest -->
