<?xml version="1.0" encoding="UTF-8"?>
<!-- Generated by org.testng.reporters.JUnitReportReporter -->
<testsuite hostname="LAPTOP-SHP7MOG5" failures="0" tests="1" name="TestNG_XML.ClassTwo" time="0.012" errors="0" timestamp="22 Mar 2022 13:04:39 GMT">
  <testcase classname="TestNG_XML.ClassTwo" name="testmethod2" time="0.012"/>
</testsuite> <!-- TestNG_XML.ClassTwo -->
