<?xml version="1.0" encoding="UTF-8"?>
<!-- Generated by org.testng.reporters.JUnitReportReporter -->
<testsuite hostname="LAPTOP-SHP7MOG5" failures="0" tests="3" name="Selenium_Day14_TestNG_Annotation.TestNGPriorityDemo" time="0.018" errors="0" timestamp="8 May 2022 17:32:25 GMT">
  <testcase classname="Selenium_Day14_TestNG_Annotation.TestNGPriorityDemo" name="testmethod3" time="0.015"/>
  <testcase classname="Selenium_Day14_TestNG_Annotation.TestNGPriorityDemo" name="testmethod2" time="0.002"/>
  <testcase classname="Selenium_Day14_TestNG_Annotation.TestNGPriorityDemo" name="atestmethod1" time="0.001"/>
</testsuite> <!-- Selenium_Day14_TestNG_Annotation.TestNGPriorityDemo -->
