<?xml version="1.0" encoding="UTF-8"?>
<!-- Generated by org.testng.reporters.JUnitReportReporter -->
<testsuite hostname="LAPTOP-SHP7MOG5" failures="0" tests="1" name="TestNG_1_Xml.Class5" time="0.010" errors="0" timestamp="22 Mar 2022 13:02:55 GMT">
  <testcase classname="TestNG_1_Xml.Class5" name="testmethod1" time="0.010"/>
</testsuite> <!-- TestNG_1_Xml.Class5 -->
