<?xml version="1.0" encoding="UTF-8"?>
<!-- Generated by org.testng.reporters.JUnitReportReporter -->
<testsuite hostname="LAPTOP-SHP7MOG5" failures="0" tests="1" name="Selenium_Day20_TestNG_CBParallelTesting.TestClass" time="0.008" errors="0" timestamp="27 Mar 2022 11:51:58 GMT">
  <testcase classname="Selenium_Day20_TestNG_CBParallelTesting.TestClass" name="testcase" time="0.008"/>
</testsuite> <!-- Selenium_Day20_TestNG_CBParallelTesting.TestClass -->
