<?xml version="1.0" encoding="UTF-8"?>
<!-- Generated by org.testng.reporters.JUnitReportReporter -->
<testsuite hostname="LAPTOP-SHP7MOG5" failures="0" tests="3" name="Selenium_Day15TestNG_InvocationCount.EnbledDemoClass" time="0.012" errors="0" timestamp="7 Apr 2022 06:13:36 GMT">
  <testcase classname="Selenium_Day15TestNG_InvocationCount.EnbledDemoClass" name="testMethod3" time="0.000"/>
  <testcase classname="Selenium_Day15TestNG_InvocationCount.EnbledDemoClass" name="testMethod4" time="0.002"/>
  <testcase classname="Selenium_Day15TestNG_InvocationCount.EnbledDemoClass" name="testMethod2" time="0.010"/>
</testsuite> <!-- Selenium_Day15TestNG_InvocationCount.EnbledDemoClass -->
