<?xml version="1.0" encoding="UTF-8"?>
<!-- Generated by org.testng.reporters.JUnitReportReporter -->
<testsuite hostname="LAPTOP-SHP7MOG5" failures="0" tests="5" name="RestAssuredTests.Demo6_BasicValidation_XML" time="6.794" errors="0" timestamp="2022-07-17T21:53:22 IST" skipped="0">
  <testcase classname="RestAssuredTests.Demo6_BasicValidation_XML" name="testSingleContent" time="2.916"/>
  <system-out/>
  <testcase classname="RestAssuredTests.Demo6_BasicValidation_XML" name="testingMultipleContent" time="0.842"/>
  <system-out/>
  <testcase classname="RestAssuredTests.Demo6_BasicValidation_XML" name="verifyAllContent" time="1.213"/>
  <system-out/>
  <testcase classname="RestAssuredTests.Demo6_BasicValidation_XML" name="testUsingXpath1" time="1.052"/>
  <system-out/>
  <testcase classname="RestAssuredTests.Demo6_BasicValidation_XML" name="testUsingXpath" time="0.771"/>
  <system-out/>
</testsuite> <!-- RestAssuredTests.Demo6_BasicValidation_XML -->
