<?xml version="1.0" encoding="UTF-8"?>
<!-- Generated by org.testng.reporters.JUnitReportReporter -->
<testsuite hostname="LAPTOP-SHP7MOG5" failures="0" tests="1" name="RestAssuredTests.Demo1_GET_Request" time="2.091" errors="0" timestamp="2024-04-12T18:20:10 IST" skipped="0">
  <testcase classname="RestAssuredTests.Demo1_GET_Request" name="getValidation" time="2.091"/>
  <system-out/>
</testsuite> <!-- RestAssuredTests.Demo1_GET_Request -->
