<?xml version="1.0" encoding="UTF-8"?>
<!-- Generated by org.testng.reporters.JUnitReportReporter -->
<testsuite hostname="LAPTOP-SHP7MOG5" failures="0" tests="1" name="Practice_RestAssured_HTTP.Demo2_Post_Request" time="3.094" errors="0" timestamp="2022-07-23T16:13:34 IST" skipped="0">
  <testcase classname="Practice_RestAssured_HTTP.Demo2_Post_Request" name="createUser" time="3.094"/>
  <system-out/>
</testsuite> <!-- Practice_RestAssured_HTTP.Demo2_Post_Request -->
