<?xml version="1.0" encoding="UTF-8"?>
<!-- Generated by org.testng.reporters.JUnitReportReporter -->
<testsuite hostname="LAPTOP-SHP7MOG5" failures="0" tests="1" name="Practice_RestAssured_HTTP.Demo3_Put_Request" time="2.199" errors="0" timestamp="2022-07-23T16:20:04 IST" skipped="0">
  <testcase classname="Practice_RestAssured_HTTP.Demo3_Put_Request" name="updateUser" time="2.199"/>
  <system-out/>
</testsuite> <!-- Practice_RestAssured_HTTP.Demo3_Put_Request -->
