<?xml version="1.0" encoding="UTF-8"?>
<!-- Generated by org.testng.reporters.JUnitReportReporter -->
<testsuite hostname="LAPTOP-SHP7MOG5" failures="0" tests="1" name="Practice_RestAssured_HTTP.Demo1_GET_Request" time="2.333" errors="0" timestamp="2024-04-12T18:26:21 IST" skipped="0">
  <testcase classname="Practice_RestAssured_HTTP.Demo1_GET_Request" name="getRequest" time="2.333"/>
  <system-out/>
</testsuite> <!-- Practice_RestAssured_HTTP.Demo1_GET_Request -->
