<?xml version="1.0" encoding="UTF-8"?>
<!-- Generated by org.testng.reporters.JUnitReportReporter -->
<testsuite hostname="DESKTOP-TD3CUJN" failures="0" tests="1" name="Tester" time="0.005" errors="0" timestamp="05 Apr 2022 01:55:14 GMT" skipped="0">
  <testcase classname="Tester" name="tc1" time="0.005"/>
</testsuite> <!-- Tester -->
