<?xml version="1.0" encoding="UTF-8"?>
<!-- Generated by org.testng.reporters.JUnitReportReporter -->
<testsuite hostname="LAPTOP-SHP7MOG5" failures="0" tests="1" name="Tester" time="0.010" errors="0" timestamp="04 Apr 2022 16:50:23 GMT" skipped="0">
  <testcase classname="Tester" name="TestCase" time="0.010"/>
</testsuite> <!-- Tester -->
